2020-09-08 14:47:27 7523 INFO  [main] - ****** Launching chrome browser *****
2020-09-08 14:47:51 31492 INFO  [main] - ****** Open URL *****
2020-09-08 14:47:51 31743 INFO  [main] - ****** Verify visibility of Sign In button *****
2020-09-08 14:47:54 34127 INFO  [main] - ****** Navigate to Sign In Page *****
2020-09-08 14:49:29 7550 INFO  [main] - ****** Launching chrome browser *****
2020-09-08 14:49:49 26971 INFO  [main] - ****** Open URL *****
2020-09-08 14:49:49 27217 INFO  [main] - ****** Verify visibility of Sign In button *****
2020-09-08 14:49:56 33956 INFO  [main] - ****** Navigate to Sign In Page *****
2020-09-08 14:54:15 8407 INFO  [main] - ****** Launching chrome browser *****
2020-09-08 14:54:30 23426 INFO  [main] - ****** Open URL *****
2020-09-08 14:54:31 23652 INFO  [main] - ****** Verify visibility of Sign In button *****
2020-09-08 14:54:31 24278 INFO  [main] - ****** Navigate to Sign In Page *****
2020-09-08 23:41:18 52862 INFO  [main] - ****** Launching chrome browser *****
2020-09-08 23:42:55 8009 INFO  [main] - ****** Launching chrome browser *****
2020-09-08 23:43:12 24613 INFO  [main] - ****** Open URL *****
2020-09-08 23:43:12 25119 INFO  [main] - ****** Verify visibility of Sign In button *****
2020-09-08 23:43:14 27122 INFO  [main] - ****** Navigate to Sign In Page *****
<<<<<<< HEAD
2020-09-08 23:44:48 8842 INFO  [main] - ****** Launching chrome browser *****2020-09-10 17:34:27 19560 INFO  [main] - ****** Launching chrome browser *****
2020-09-10 17:34:53 46406 INFO  [main] - ****** Open URL *****
2020-09-10 17:55:31 5585 INFO  [main] - ****** Launching chrome browser *****
2020-09-10 17:55:39 13501 INFO  [main] - ****** Open URL *****
2020-09-10 18:02:48 5468 INFO  [main] - ****** Launching chrome browser *****
2020-09-10 18:03:00 17531 INFO  [main] - ****** Open URL *****
2020-09-10 19:03:28 22775 INFO  [main] - entering appliction url and maximizing browser
2020-09-10 19:03:30 24625 INFO  [main] - Verify Sign In link
2020-09-11 13:02:45 12510 INFO  [main] - ****** Launching chrome browser *****
2020-09-11 13:02:57 23766 INFO  [main] - ****** Open URL *****
2020-09-11 13:02:58 24750 INFO  [main] - *****Verify visibility of Sign Up button******
2020-09-11 13:03:02 29515 INFO  [main] - ****** Navigate to Sign Up Page *****
2020-09-11 13:04:18 5153 INFO  [main] - ****** Launching chrome browser *****
2020-09-11 13:04:33 19560 INFO  [main] - ****** Open URL *****
2020-09-11 13:04:33 20236 INFO  [main] - *****Verify visibility of Sign Up button******
2020-09-11 13:04:37 23671 INFO  [main] - ****** Navigate to Sign Up Page *****
2020-09-11 13:38:39 9481 INFO  [main] - ****** Launching chrome browser *****
2020-09-11 13:38:49 19559 INFO  [main] - ****** Open URL *****
2020-09-11 13:38:49 20209 INFO  [main] - *****Verify visibility of Sign Up button******
2020-09-11 13:38:54 24585 INFO  [main] - ****** Navigate to Sign Up Page *****
=======
2020-09-08 23:44:48 8842 INFO  [main] - ****** Launching chrome browser *****2020-09-09 23:39:51 56130 INFO  [main] - ****** Launching chrome browser *****
2020-09-09 23:40:14 78761 INFO  [main] - ****** Open URL *****
2020-09-09 23:40:16 80430 INFO  [main] - ****** Verify visibility of Sign In button *****
2020-09-09 23:40:19 83779 INFO  [main] - ****** Navigate to Sign In Page *****
2020-09-10 16:39:51 7932 INFO  [main] - ****** Launching chrome browser *****
2020-09-10 16:40:15 31536 INFO  [main] - ****** Open URL *****
2020-09-10 16:40:20 36751 INFO  [main] - ****** Verify visibility of Sign In button *****
2020-09-10 16:40:24 40985 INFO  [main] - ****** Navigate to Sign In Page *****
2020-09-10 16:45:37 7022 INFO  [main] - ****** Launching chrome browser *****
2020-09-10 22:25:40 37216 INFO  [main] - ****** Launching chrome browser *****
2020-09-10 22:26:03 60669 INFO  [main] - ****** Open URL *****
2020-09-10 22:26:06 63713 INFO  [main] - ****** Verify visibility of Sign In button *****
2020-09-10 22:26:11 68403 INFO  [main] - ****** Navigate to Sign In Page *****
>>>>>>> c9730fc99413124e79b6ec320065d8c7fa80f15f
2020-09-11 16:56:00 45014 INFO  [main] - ****** Launching chrome browser *****
2020-09-11 16:56:23 67982 INFO  [main] - ****** Open URL *****
2020-09-11 16:56:24 69442 INFO  [main] - *****Verify visibility of Sign Up button******
2020-09-11 16:56:32 76972 INFO  [main] - ****** Navigate to Sign Up Page *****
2020-09-11 20:32:52 56110 INFO  [main] - entering appliction url and maximizing browser
2020-09-11 20:33:01 65466 INFO  [main] - Verify Sign In link
2020-09-14 10:57:19 20031 INFO  [main] - ****** Launching chrome browser *****
2020-09-14 10:57:34 35374 INFO  [main] - ****** Open URL *****
2020-09-14 10:57:36 36958 INFO  [main] - *****Verify visibility of Sign Up button******
2020-09-14 10:57:42 42667 INFO  [main] - ****** Navigate to Sign Up Page *****
2020-09-14 12:53:42 21262 INFO  [main] - entering appliction url and maximizing browser
2020-09-14 12:53:44 23744 INFO  [main] - Verify Sign In link
2020-09-14 12:53:47 26475 INFO  [main] - Using chromedriver 85.0.4183.87 (since Google Chrome 85 is installed in your machine)
2020-09-14 12:53:47 26486 INFO  [main] - Exporting webdriver.chrome.driver as C:\Users\KAPIL\.m2\repository\webdriver\chromedriver\win32\85.0.4183.87\chromedriver.exe
2020-09-14 12:54:03 42320 INFO  [main] - entering appliction url and maximizing browser
2020-09-14 13:07:00 20504 INFO  [main] - entering appliction url and maximizing browser
2020-09-14 13:07:03 23405 INFO  [main] - Verify Sign In link
2020-09-14 13:07:07 27096 INFO  [main] - Using chromedriver 85.0.4183.87 (since Google Chrome 85 is installed in your machine)
2020-09-14 13:07:07 27106 INFO  [main] - Exporting webdriver.chrome.driver as C:\Users\KAPIL\.m2\repository\webdriver\chromedriver\win32\85.0.4183.87\chromedriver.exe
2020-09-14 13:07:23 42844 INFO  [main] - entering appliction url and maximizing browser
2020-09-15 13:37:28 8557 INFO  [main] - ****** Launching chrome browser *****
2020-09-15 13:37:38 18855 INFO  [main] - ****** Open URL *****
2020-09-15 13:37:39 19814 INFO  [main] - *****Verify visibility of Sign Up button******
2020-09-15 13:37:42 23280 INFO  [main] - ****** Navigate to Sign Up Page *****
2020-09-15 13:47:17 8450 INFO  [main] - ****** Launching chrome browser *****
2020-09-15 13:47:28 20075 INFO  [main] - ****** Open URL *****
2020-09-15 13:47:29 20582 INFO  [main] - *****Verify visibility of Sign Up button******
2020-09-15 13:47:33 24504 INFO  [main] - ****** Navigate to Sign Up Page *****
2020-09-15 13:51:23 8627 INFO  [main] - ****** Launching chrome browser *****
2020-09-15 13:51:32 17987 INFO  [main] - ****** Open URL *****
2020-09-15 13:51:33 18782 INFO  [main] - *****Verify visibility of Sign Up button******
2020-09-15 13:51:42 27498 INFO  [main] - ****** Navigate to Sign Up Page *****
2020-09-15 13:53:26 4525 INFO  [main] - ****** Launching chrome browser *****
2020-09-15 13:53:44 22870 INFO  [main] - ****** Open URL *****
2020-09-15 13:53:44 23371 INFO  [main] - *****Verify visibility of Sign Up button******
2020-09-15 13:53:48 27247 INFO  [main] - ****** Navigate to Sign Up Page *****
2020-09-15 13:56:45 4582 INFO  [main] - ****** Launching chrome browser *****
2020-09-15 13:57:00 19927 INFO  [main] - ****** Open URL *****
2020-09-15 13:57:00 20354 INFO  [main] - *****Verify visibility of Sign Up button******
2020-09-15 13:57:07 26747 INFO  [main] - ****** Navigate to Sign Up Page *****
2020-09-15 13:58:36 4743 INFO  [main] - ****** Launching chrome browser *****
2020-09-15 13:58:53 21391 INFO  [main] - ****** Open URL *****
2020-09-15 13:58:54 22126 INFO  [main] - *****Verify visibility of Sign Up button******
2020-09-15 13:58:57 25843 INFO  [main] - ****** Navigate to Sign Up Page *****
2020-09-15 14:18:01 5469 INFO  [main] - ****** Launching chrome browser *****
2020-09-15 14:18:17 21028 INFO  [main] - ****** Open URL *****
2020-09-15 14:18:18 21647 INFO  [main] - *****Verify visibility of Sign Up button******
2020-09-15 14:18:21 25457 INFO  [main] - ****** Navigate to Sign Up Page *****
2020-09-15 14:27:30 6846 INFO  [main] - ****** Launching chrome browser *****
2020-09-15 14:29:49 145325 INFO  [main] - ****** Open URL *****
2020-09-15 14:29:49 145736 INFO  [main] - *****Verify visibility of Sign Up button******
2020-09-15 14:30:43 4935 INFO  [main] - ****** Launching chrome browser *****
2020-09-15 14:30:54 15928 INFO  [main] - ****** Open URL *****
2020-09-15 14:30:55 16612 INFO  [main] - *****Verify visibility of Sign Up button******
2020-09-15 14:30:59 20706 INFO  [main] - ****** Navigate to Sign Up Page *****
2020-09-15 14:35:02 4706 INFO  [main] - ****** Launching chrome browser *****
2020-09-15 14:35:16 18297 INFO  [main] - ****** Open URL *****
2020-09-15 14:35:16 18886 INFO  [main] - *****Verify visibility of Sign Up button******
2020-09-15 14:35:20 22842 INFO  [main] - ****** Navigate to Sign Up Page *****
2020-09-15 14:37:07 4679 INFO  [main] - ****** Launching chrome browser *****
2020-09-15 14:37:21 18803 INFO  [main] - ****** Open URL *****
2020-09-15 14:37:22 19248 INFO  [main] - *****Verify visibility of Sign Up button******
2020-09-15 14:37:25 22750 INFO  [main] - ****** Navigate to Sign Up Page *****
2020-09-15 14:41:52 4943 INFO  [main] - ****** Launching chrome browser *****
2020-09-15 14:42:07 20240 INFO  [main] - ****** Open URL *****
2020-09-15 14:42:09 21652 INFO  [main] - *****Verify visibility of Sign Up button******
2020-09-15 14:42:16 28579 INFO  [main] - ****** Navigate to Sign Up Page *****
2020-09-15 14:54:06 4831 INFO  [main] - ****** Launching chrome browser *****
2020-09-15 14:54:22 20342 INFO  [main] - ****** Open URL *****
2020-09-15 14:54:22 21144 INFO  [main] - *****Verify visibility of Sign Up button******
2020-09-15 14:54:25 23764 INFO  [main] - ****** Navigate to Sign Up Page *****
2020-09-15 14:58:44 4459 INFO  [main] - ****** Launching chrome browser *****
2020-09-15 14:58:59 19089 INFO  [main] - ****** Open URL *****
2020-09-15 14:58:59 19476 INFO  [main] - *****Verify visibility of Sign Up button******
2020-09-15 14:59:03 23406 INFO  [main] - ****** Navigate to Sign Up Page *****
2020-09-15 14:59:03 23771 INFO  [main] - ****** User Enters Full Name *****
2020-09-15 15:01:10 4869 INFO  [main] - ****** Launching chrome browser *****
2020-09-15 15:01:24 18936 INFO  [main] - ****** Open URL *****
2020-09-15 15:01:25 19572 INFO  [main] - *****Verify visibility of Sign Up button******
2020-09-15 15:01:29 24283 INFO  [main] - ****** Navigate to Sign Up Page *****
2020-09-15 15:02:28 4456 INFO  [main] - ****** Launching chrome browser *****
2020-09-15 15:02:44 20006 INFO  [main] - ****** Open URL *****
2020-09-15 15:02:44 20441 INFO  [main] - *****Verify visibility of Sign Up button******
2020-09-15 15:02:48 23992 INFO  [main] - ****** Navigate to Sign Up Page *****
2020-09-15 15:02:48 24678 INFO  [main] - ****** User Enters Full Name *****
2020-09-15 15:02:49 24955 INFO  [main] - ****** User Enters Company Name *****
2020-09-15 15:06:39 4889 INFO  [main] - ****** Launching chrome browser *****
2020-09-15 15:06:49 14843 INFO  [main] - ****** Open URL *****
2020-09-15 15:06:49 15234 INFO  [main] - *****Verify visibility of Sign Up button******
2020-09-15 15:06:53 19723 INFO  [main] - ****** Navigate to Sign Up Page *****
2020-09-15 15:06:54 20220 INFO  [main] - ****** User Enters Full Name *****
2020-09-15 15:06:54 20538 INFO  [main] - ****** User Enters Company Name *****
2020-09-15 15:06:55 20843 INFO  [main] - ****** User Enters Email id *****
2020-09-15 15:06:55 21063 INFO  [main] - ****** User Enters Mobile Number *****
2020-09-15 15:06:55 21295 INFO  [main] - ****** User Enters Password *****
2020-09-15 15:12:29 4610 INFO  [main] - ****** Launching chrome browser *****
2020-09-15 15:12:45 21339 INFO  [main] - ****** Open URL *****
2020-09-15 15:12:46 21754 INFO  [main] - *****Verify visibility of Sign Up button******
2020-09-15 15:12:50 26105 INFO  [main] - ****** Navigate to Sign Up Page *****
2020-09-15 15:12:50 26259 INFO  [main] - ****** User Enters Full Name *****
2020-09-15 15:12:50 26459 INFO  [main] - ****** User Enters Company Name *****
2020-09-15 15:12:51 26729 INFO  [main] - ****** User Enters Email id *****
2020-09-15 15:12:51 26970 INFO  [main] - ****** User Enters Mobile Number *****
2020-09-15 15:12:51 27141 INFO  [main] - ****** User Enters Password *****
2020-09-15 16:43:37 7355 INFO  [main] - ****** Launching chrome browser *****
2020-09-15 16:43:52 22017 INFO  [main] - ****** Open URL *****
2020-09-15 16:43:53 22705 INFO  [main] - *****Verify visibility of Sign Up button******
2020-09-15 16:44:00 29918 INFO  [main] - ****** Navigate to Sign Up Page *****
2020-09-15 16:44:00 30167 INFO  [main] - ****** User Enters Full Name *****
2020-09-15 16:44:01 30451 INFO  [main] - ****** User Enters Company Name *****
2020-09-15 16:44:01 30720 INFO  [main] - ****** User Enters Email id *****
2020-09-15 16:44:01 30935 INFO  [main] - ****** User Enters Mobile Number *****
2020-09-15 16:44:01 31130 INFO  [main] - ****** User Enters Password *****
2020-09-15 17:06:05 4692 INFO  [main] - ****** Launching chrome browser *****
2020-09-15 17:06:16 15352 INFO  [main] - ****** Open URL *****
2020-09-15 17:06:16 15782 INFO  [main] - *****Verify visibility of Sign Up button******
2020-09-15 17:06:22 21324 INFO  [main] - ****** Navigate to Sign Up Page *****
2020-09-15 17:06:22 21775 INFO  [main] - ****** User Enters Full Name *****
2020-09-15 17:06:23 22041 INFO  [main] - ****** User Enters Company Name *****
2020-09-15 17:06:23 22295 INFO  [main] - ****** User Enters Email id *****
2020-09-15 17:06:23 22631 INFO  [main] - ****** User Enters Mobile Number *****
2020-09-15 17:06:23 22847 INFO  [main] - ****** User Enters Password *****
2020-09-15 17:06:23 22898 INFO  [main] - Using chromedriver 85.0.4183.87 (since Google Chrome 85 is installed in your machine)
2020-09-15 17:06:23 22908 INFO  [main] - Exporting webdriver.chrome.driver as C:\Users\KAPIL\.m2\repository\webdriver\chromedriver\win32\85.0.4183.87\chromedriver.exe
2020-09-15 17:06:27 26983 INFO  [main] - ****** Launching chrome browser *****
2020-09-15 17:06:38 37888 INFO  [main] - ****** Open URL *****
2020-09-15 17:06:39 38139 INFO  [main] - *****Verify visibility of Sign Up button******
2020-09-15 17:06:43 42963 INFO  [main] - ****** Navigate to Sign Up Page *****
2020-09-15 17:26:19 4690 INFO  [main] - ****** Launching chrome browser *****
2020-09-15 17:26:33 18857 INFO  [main] - ****** Open URL *****
2020-09-15 17:26:34 19276 INFO  [main] - *****Verify visibility of Sign Up button******
2020-09-15 17:26:38 23829 INFO  [main] - ****** Navigate to Sign Up Page *****
2020-09-15 17:26:39 23981 INFO  [main] - ****** User Enters Full Name *****
2020-09-15 17:26:39 24165 INFO  [main] - ****** User Enters Company Name *****
2020-09-15 17:26:39 24474 INFO  [main] - ****** User Enters Email id *****
2020-09-15 17:26:39 24664 INFO  [main] - ****** User Enters Mobile Number *****
2020-09-15 17:26:39 24845 INFO  [main] - ****** User Enters Password *****
2020-09-15 17:26:39 24870 INFO  [main] - Using chromedriver 85.0.4183.87 (since Google Chrome 85 is installed in your machine)
2020-09-15 17:26:39 24877 INFO  [main] - Exporting webdriver.chrome.driver as C:\Users\KAPIL\.m2\repository\webdriver\chromedriver\win32\85.0.4183.87\chromedriver.exe
2020-09-15 17:26:46 31842 INFO  [main] - ****** Launching chrome browser *****
2020-09-15 17:27:00 45758 INFO  [main] - ****** Open URL *****
2020-09-15 17:27:00 45953 INFO  [main] - *****Verify visibility of Sign Up button******
2020-09-15 17:27:06 51653 INFO  [main] - ****** Navigate to Sign Up Page *****
2020-09-15 17:34:40 5546 INFO  [main] - ****** Launching chrome browser *****
2020-09-15 17:34:54 19690 INFO  [main] - ****** Open URL *****
2020-09-15 17:34:55 20213 INFO  [main] - *****Verify visibility of Sign Up button******
2020-09-15 17:34:58 23461 INFO  [main] - ****** Navigate to Sign Up Page *****
2020-09-15 17:34:59 24157 INFO  [main] - ****** User Enters Full Name *****
2020-09-15 17:34:59 24358 INFO  [main] - ****** User Enters Company Name *****
2020-09-15 17:34:59 24613 INFO  [main] - ****** User Enters Email id *****
2020-09-15 17:34:59 24812 INFO  [main] - ****** User Enters Mobile Number *****
2020-09-15 17:35:00 24982 INFO  [main] - ****** User Enters Password *****
2020-09-15 17:35:00 25033 INFO  [main] - Using chromedriver 85.0.4183.87 (since Google Chrome 85 is installed in your machine)
2020-09-15 17:35:00 25043 INFO  [main] - Exporting webdriver.chrome.driver as C:\Users\KAPIL\.m2\repository\webdriver\chromedriver\win32\85.0.4183.87\chromedriver.exe
2020-09-15 17:35:04 29108 INFO  [main] - ****** Launching chrome browser *****
2020-09-15 17:35:24 49512 INFO  [main] - ****** Open URL *****
2020-09-15 17:35:25 50137 INFO  [main] - *****Verify visibility of Sign Up button******
2020-09-15 17:35:34 59858 INFO  [main] - ****** Navigate to Sign Up Page *****
2020-09-15 17:40:06 5732 INFO  [main] - ****** Launching chrome browser *****
2020-09-15 17:40:21 21013 INFO  [main] - ****** Open URL *****
2020-09-15 17:40:21 21418 INFO  [main] - *****Verify visibility of Sign Up button******
2020-09-15 17:40:27 26785 INFO  [main] - ****** Navigate to Sign Up Page *****
2020-09-15 17:40:27 27081 INFO  [main] - ****** User Enters Full Name *****
2020-09-15 17:40:27 27315 INFO  [main] - ****** User Enters Company Name *****
2020-09-15 17:40:28 27542 INFO  [main] - ****** User Enters Email id *****
2020-09-15 17:40:28 27757 INFO  [main] - ****** User Enters Mobile Number *****
2020-09-15 17:40:28 27998 INFO  [main] - ****** User Enters Password *****
2020-09-15 17:40:31 31135 INFO  [main] - Using chromedriver 85.0.4183.87 (since Google Chrome 85 is installed in your machine)
2020-09-15 17:40:31 31145 INFO  [main] - Exporting webdriver.chrome.driver as C:\Users\KAPIL\.m2\repository\webdriver\chromedriver\win32\85.0.4183.87\chromedriver.exe
2020-09-15 17:40:36 36116 INFO  [main] - ****** Launching chrome browser *****
2020-09-15 17:40:49 48857 INFO  [main] - ****** Open URL *****
2020-09-15 17:40:50 49582 INFO  [main] - *****Verify visibility of Sign Up button******
2020-09-15 17:40:55 54843 INFO  [main] - ****** Navigate to Sign Up Page *****
2020-09-15 17:42:36 4954 INFO  [main] - ****** Launching chrome browser *****
2020-09-15 17:42:46 15071 INFO  [main] - ****** Open URL *****
2020-09-15 17:42:46 15569 INFO  [main] - *****Verify visibility of Sign Up button******
2020-09-15 17:42:50 19607 INFO  [main] - ****** Navigate to Sign Up Page *****
2020-09-15 17:42:51 19987 INFO  [main] - ****** User Enters Full Name *****
2020-09-15 17:42:51 20359 INFO  [main] - ****** User Enters Company Name *****
2020-09-15 17:42:51 20680 INFO  [main] - ****** User Enters Email id *****
2020-09-15 17:42:52 20966 INFO  [main] - ****** User Enters Mobile Number *****
2020-09-15 17:42:52 21272 INFO  [main] - ****** User Enters Password *****
2020-09-15 17:42:55 24374 INFO  [main] - Using chromedriver 85.0.4183.87 (since Google Chrome 85 is installed in your machine)
2020-09-15 17:42:55 24390 INFO  [main] - Exporting webdriver.chrome.driver as C:\Users\KAPIL\.m2\repository\webdriver\chromedriver\win32\85.0.4183.87\chromedriver.exe
2020-09-15 17:43:00 28893 INFO  [main] - ****** Launching chrome browser *****
2020-09-15 17:43:12 41675 INFO  [main] - ****** Open URL *****
2020-09-15 17:43:14 43526 INFO  [main] - *****Verify visibility of Sign Up button******
2020-09-15 17:45:29 4931 INFO  [main] - ****** Launching chrome browser *****
2020-09-15 17:45:38 13656 INFO  [main] - ****** Open URL *****
2020-09-15 17:45:40 15207 INFO  [main] - *****Verify visibility of Sign Up button******
2020-09-15 17:45:43 18542 INFO  [main] - ****** Navigate to Sign Up Page *****
2020-09-15 17:45:44 19136 INFO  [main] - ****** User Enters Full Name *****
2020-09-15 17:45:44 19338 INFO  [main] - ****** User Enters Company Name *****
2020-09-15 17:45:44 19605 INFO  [main] - ****** User Enters Email id *****
2020-09-15 17:45:44 19805 INFO  [main] - ****** User Enters Mobile Number *****
2020-09-15 17:45:44 20000 INFO  [main] - ****** User Enters Password *****
2020-09-15 17:45:45 20016 INFO  [main] - Using chromedriver 85.0.4183.87 (since Google Chrome 85 is installed in your machine)
2020-09-15 17:45:45 20029 INFO  [main] - Exporting webdriver.chrome.driver as C:\Users\KAPIL\.m2\repository\webdriver\chromedriver\win32\85.0.4183.87\chromedriver.exe
2020-09-15 17:45:49 24408 INFO  [main] - ****** Launching chrome browser *****
2020-09-15 17:46:03 38623 INFO  [main] - ****** Open URL *****
2020-09-15 17:46:03 39012 INFO  [main] - *****Verify visibility of Sign Up button******
2020-09-15 17:46:08 43959 INFO  [main] - ****** Navigate to Sign Up Page *****
2020-09-15 17:58:30 4611 INFO  [main] - ****** Launching chrome browser *****
2020-09-15 17:58:44 18666 INFO  [main] - ****** Open URL *****
2020-09-15 17:58:45 19126 INFO  [main] - *****Verify visibility of Sign Up button******
2020-09-15 17:58:50 23732 INFO  [main] - ****** Navigate to Sign Up Page *****
2020-09-15 17:58:50 23949 INFO  [main] - ****** User Enters Full Name *****
2020-09-15 17:58:50 24270 INFO  [main] - ****** User Enters Company Name *****
2020-09-15 17:58:50 24610 INFO  [main] - ****** User Enters Email id *****
2020-09-15 17:58:51 24873 INFO  [main] - ****** User Enters Mobile Number *****
2020-09-15 17:58:51 25159 INFO  [main] - ****** User Enters Password *****
2020-09-15 17:58:51 25451 INFO  [main] - Using chromedriver 85.0.4183.87 (since Google Chrome 85 is installed in your machine)
2020-09-15 17:58:51 25461 INFO  [main] - Exporting webdriver.chrome.driver as C:\Users\KAPIL\.m2\repository\webdriver\chromedriver\win32\85.0.4183.87\chromedriver.exe
2020-09-15 17:58:55 29509 INFO  [main] - ****** Launching chrome browser *****
2020-09-15 17:59:07 41546 INFO  [main] - ****** Open URL *****
2020-09-15 17:59:08 41863 INFO  [main] - *****Verify visibility of Sign Up button******
2020-09-15 17:59:15 49455 INFO  [main] - ****** Navigate to Sign Up Page *****
2020-09-15 18:01:37 6124 INFO  [main] - ****** Launching chrome browser *****
2020-09-15 18:01:50 19289 INFO  [main] - ****** Open URL *****
2020-09-15 18:01:51 20397 INFO  [main] - *****Verify visibility of Sign Up button******
2020-09-15 18:01:55 24568 INFO  [main] - ****** Navigate to Sign Up Page *****
2020-09-15 18:01:55 24831 INFO  [main] - ****** User Enters Full Name *****
2020-09-15 18:01:56 25164 INFO  [main] - ****** User Enters Company Name *****
2020-09-15 18:01:56 25528 INFO  [main] - ****** User Enters Email id *****
2020-09-15 18:01:56 25720 INFO  [main] - ****** User Enters Mobile Number *****
2020-09-15 18:01:57 25900 INFO  [main] - ****** User Enters Password *****
2020-09-15 18:01:57 26088 INFO  [main] - Using chromedriver 85.0.4183.87 (since Google Chrome 85 is installed in your machine)
2020-09-15 18:01:57 26099 INFO  [main] - Exporting webdriver.chrome.driver as C:\Users\KAPIL\.m2\repository\webdriver\chromedriver\win32\85.0.4183.87\chromedriver.exe
2020-09-15 18:02:01 29928 INFO  [main] - ****** Launching chrome browser *****
2020-09-15 18:02:13 42273 INFO  [main] - ****** Open URL *****
2020-09-15 18:02:13 42581 INFO  [main] - *****Verify visibility of Sign Up button******
2020-09-15 18:02:20 48886 INFO  [main] - ****** Navigate to Sign Up Page *****
2020-09-15 20:38:50 14267 INFO  [main] - ****** Launching chrome browser *****
2020-09-15 20:39:10 33981 INFO  [main] - ****** Open URL *****
2020-09-15 20:39:11 35022 INFO  [main] - *****Verify visibility of Sign Up button******
2020-09-15 20:39:15 38588 INFO  [main] - ****** Navigate to Sign Up Page *****
2020-09-15 20:39:17 41158 INFO  [main] - ****** User Enters Full Name *****
2020-09-15 20:39:18 41791 INFO  [main] - ****** User Enters Company Name *****
2020-09-15 20:39:18 42165 INFO  [main] - ****** User Enters Email id *****
2020-09-15 20:39:18 42406 INFO  [main] - ****** User Enters Mobile Number *****
2020-09-15 20:39:19 42589 INFO  [main] - ****** User Enters Password *****
2020-09-15 20:39:22 46460 INFO  [main] - Using chromedriver 85.0.4183.87 (since Google Chrome 85 is installed in your machine)
2020-09-15 20:39:22 46469 INFO  [main] - Exporting webdriver.chrome.driver as C:\Users\KAPIL\.m2\repository\webdriver\chromedriver\win32\85.0.4183.87\chromedriver.exe
2020-09-15 20:39:33 57389 INFO  [main] - ****** Launching chrome browser *****
2020-09-15 20:39:50 73579 INFO  [main] - ****** Open URL *****
2020-09-15 20:39:50 74433 INFO  [main] - *****Verify visibility of Sign Up button******
2020-09-15 20:39:57 81106 INFO  [main] - ****** Navigate to Sign Up Page *****
2020-09-16 12:07:24 9868 INFO  [main] - ****** Launching chrome browser *****
2020-09-16 12:07:41 26813 INFO  [main] - ****** Open URL *****
2020-09-16 12:07:42 27789 INFO  [main] - *****Verify visibility of Sign Up button******
2020-09-16 12:07:47 32783 INFO  [main] - ****** Navigate to Sign Up Page *****
2020-09-16 12:07:47 32992 INFO  [main] - ****** User Enters Full Name *****
2020-09-16 12:07:47 33247 INFO  [main] - ****** User Enters Company Name *****
2020-09-16 12:07:48 33520 INFO  [main] - ****** User Enters Email id *****
2020-09-16 12:07:48 33724 INFO  [main] - ****** User Enters Mobile Number *****
2020-09-16 12:07:48 33921 INFO  [main] - ****** User Enters Password *****
2020-09-16 12:07:52 37580 INFO  [main] - Using chromedriver 85.0.4183.87 (since Google Chrome 85 is installed in your machine)
2020-09-16 12:07:52 37591 INFO  [main] - Exporting webdriver.chrome.driver as C:\Users\KAPIL\.m2\repository\webdriver\chromedriver\win32\85.0.4183.87\chromedriver.exe
2020-09-16 12:08:01 46651 INFO  [main] - ****** Launching chrome browser *****
2020-09-16 12:08:16 61477 INFO  [main] - ****** Open URL *****
2020-09-16 12:08:16 61955 INFO  [main] - *****Verify visibility of Sign Up button******
2020-09-16 12:08:21 67275 INFO  [main] - ****** Navigate to Sign Up Page *****
2020-09-16 13:36:05 17094 INFO  [main] - ****** Launching chrome browser *****
2020-09-16 13:36:26 38462 INFO  [main] - ****** Open URL *****
2020-09-16 13:36:27 39411 INFO  [main] - *****Verify visibility of Sign Up button******
2020-09-16 13:36:32 43955 INFO  [main] - ****** Navigate to Sign Up Page *****
2020-09-16 13:36:32 44725 INFO  [main] - ****** User Enters Full Name *****
2020-09-16 13:36:33 45005 INFO  [main] - ****** User Enters Company Name *****
2020-09-16 13:36:33 45274 INFO  [main] - ****** User Enters Email id *****
2020-09-16 13:36:33 45487 INFO  [main] - ****** User Enters Mobile Number *****
2020-09-16 13:36:33 45691 INFO  [main] - ****** User Enters Password *****
2020-09-16 13:36:33 45731 INFO  [main] - Using chromedriver 85.0.4183.87 (since Google Chrome 85 is installed in your machine)
2020-09-16 13:36:33 45743 INFO  [main] - Exporting webdriver.chrome.driver as C:\Users\KAPIL\.m2\repository\webdriver\chromedriver\win32\85.0.4183.87\chromedriver.exe
2020-09-16 13:36:49 61297 INFO  [main] - ****** Launching chrome browser *****
2020-09-16 13:37:04 75942 INFO  [main] - ****** Open URL *****
2020-09-16 13:37:04 76608 INFO  [main] - *****Verify visibility of Sign Up button******
2020-09-16 13:37:08 79938 INFO  [main] - ****** Navigate to Sign Up Page *****
2020-09-16 13:44:41 10802 INFO  [main] - ****** Launching chrome browser *****
2020-09-16 13:44:53 22940 INFO  [main] - ****** Open URL *****
2020-09-16 13:44:54 23399 INFO  [main] - *****Verify visibility of Sign Up button******
2020-09-16 13:44:58 27832 INFO  [main] - ****** Navigate to Sign Up Page *****
2020-09-16 13:44:58 28124 INFO  [main] - ****** User Enters Full Name *****
2020-09-16 13:44:59 28680 INFO  [main] - ****** User Enters Company Name *****
2020-09-16 13:44:59 29183 INFO  [main] - ****** User Enters Email id *****
2020-09-16 13:45:00 29431 INFO  [main] - ****** User Enters Mobile Number *****
2020-09-16 13:45:00 29658 INFO  [main] - ****** User Enters Password *****
2020-09-16 13:45:04 33926 INFO  [main] - Using chromedriver 85.0.4183.87 (since Google Chrome 85 is installed in your machine)
2020-09-16 13:45:04 33971 INFO  [main] - Exporting webdriver.chrome.driver as C:\Users\KAPIL\.m2\repository\webdriver\chromedriver\win32\85.0.4183.87\chromedriver.exe
2020-09-16 13:45:13 42337 INFO  [main] - ****** Launching chrome browser *****
2020-09-16 13:45:27 56448 INFO  [main] - ****** Open URL *****
2020-09-16 13:45:27 57230 INFO  [main] - *****Verify visibility of Sign Up button******
2020-09-16 13:45:32 61832 INFO  [main] - ****** Navigate to Sign Up Page *****
2020-09-16 14:42:19 5181 INFO  [main] - ****** Launching chrome browser *****
2020-09-16 14:42:34 20724 INFO  [main] - ****** Open URL *****
2020-09-16 14:42:35 21145 INFO  [main] - *****Verify visibility of Sign Up button******
2020-09-16 14:42:39 25342 INFO  [main] - ****** Navigate to Sign Up Page *****
2020-09-16 14:42:40 26075 INFO  [main] - ****** User Enters Full Name *****
2020-09-16 14:42:40 26290 INFO  [main] - ****** User Enters Company Name *****
2020-09-16 14:42:40 26571 INFO  [main] - ****** User Enters Email id *****
2020-09-16 14:42:40 26789 INFO  [main] - ****** User Enters Mobile Number *****
2020-09-16 14:42:40 26987 INFO  [main] - ****** User Enters Password *****
2020-09-16 14:42:43 29976 INFO  [main] - Using chromedriver 85.0.4183.87 (since Google Chrome 85 is installed in your machine)
2020-09-16 14:42:43 29986 INFO  [main] - Exporting webdriver.chrome.driver as C:\Users\KAPIL\.m2\repository\webdriver\chromedriver\win32\85.0.4183.87\chromedriver.exe
2020-09-16 14:42:52 38331 INFO  [main] - ****** Launching chrome browser *****
2020-09-16 14:43:08 54221 INFO  [main] - ****** Open URL *****
2020-09-16 14:43:08 54500 INFO  [main] - *****Verify visibility of Sign Up button******
2020-09-16 14:43:14 60316 INFO  [main] - ****** Navigate to Sign Up Page *****
2020-09-16 14:47:10 4888 INFO  [main] - ****** Launching chrome browser *****
2020-09-16 14:47:27 21716 INFO  [main] - ****** Open URL *****
2020-09-16 14:47:27 22442 INFO  [main] - *****Verify visibility of Sign Up button******
2020-09-16 14:47:31 26074 INFO  [main] - ****** Navigate to Sign Up Page *****
2020-09-16 14:47:31 26486 INFO  [main] - ****** User Enters Full Name *****
2020-09-16 14:47:32 26669 INFO  [main] - ****** User Enters Company Name *****
2020-09-16 14:47:32 26909 INFO  [main] - ****** User Enters Email id *****
2020-09-16 14:47:32 27131 INFO  [main] - ****** User Enters Mobile Number *****
2020-09-16 14:47:32 27331 INFO  [main] - ****** User Enters Password *****
2020-09-16 14:47:36 30776 INFO  [main] - Using chromedriver 85.0.4183.87 (since Google Chrome 85 is installed in your machine)
2020-09-16 14:47:36 30785 INFO  [main] - Exporting webdriver.chrome.driver as C:\Users\KAPIL\.m2\repository\webdriver\chromedriver\win32\85.0.4183.87\chromedriver.exe
2020-09-16 14:47:40 34932 INFO  [main] - ****** Launching chrome browser *****
2020-09-16 14:47:54 48667 INFO  [main] - ****** Open URL *****
2020-09-16 14:47:54 49336 INFO  [main] - *****Verify visibility of Sign Up button******
2020-09-16 14:47:59 53870 INFO  [main] - ****** Navigate to Sign Up Page *****
2020-09-16 14:48:00 55518 INFO  [main] - Using chromedriver 85.0.4183.87 (since Google Chrome 85 is installed in your machine)
2020-09-16 14:48:00 55531 INFO  [main] - Exporting webdriver.chrome.driver as C:\Users\KAPIL\.m2\repository\webdriver\chromedriver\win32\85.0.4183.87\chromedriver.exe
2020-09-16 14:48:08 63556 INFO  [main] - ****** Launching chrome browser *****
2020-09-16 14:48:26 81526 INFO  [main] - ****** Open URL *****
2020-09-16 14:48:27 81790 INFO  [main] - *****Verify visibility of Sign Up button******
2020-09-16 14:48:32 87233 INFO  [main] - ****** Navigate to Sign Up Page *****
2020-09-16 14:50:41 4753 INFO  [main] - ****** Launching chrome browser *****
2020-09-16 14:50:56 19243 INFO  [main] - ****** Open URL *****
2020-09-16 14:50:56 19604 INFO  [main] - *****Verify visibility of Sign Up button******
2020-09-16 14:50:59 22990 INFO  [main] - ****** Navigate to Sign Up Page *****
2020-09-16 14:51:00 23289 INFO  [main] - ****** User Enters Full Name *****
2020-09-16 14:51:00 23688 INFO  [main] - ****** User Enters Company Name *****
2020-09-16 14:51:00 23936 INFO  [main] - ****** User Enters Email id *****
2020-09-16 14:51:01 24130 INFO  [main] - ****** User Enters Mobile Number *****
2020-09-16 14:51:01 24311 INFO  [main] - ****** User Enters Password *****
2020-09-16 14:51:07 30244 INFO  [main] - Using chromedriver 85.0.4183.87 (since Google Chrome 85 is installed in your machine)
2020-09-16 14:51:07 30252 INFO  [main] - Exporting webdriver.chrome.driver as C:\Users\KAPIL\.m2\repository\webdriver\chromedriver\win32\85.0.4183.87\chromedriver.exe
2020-09-16 14:51:11 34488 INFO  [main] - ****** Launching chrome browser *****
2020-09-16 14:51:26 49222 INFO  [main] - ****** Open URL *****
2020-09-16 14:51:27 50122 INFO  [main] - *****Verify visibility of Sign Up button******
2020-09-16 14:51:32 55208 INFO  [main] - ****** Navigate to Sign Up Page *****
2020-09-16 14:51:33 56520 INFO  [main] - Using chromedriver 85.0.4183.87 (since Google Chrome 85 is installed in your machine)
2020-09-16 14:51:33 56533 INFO  [main] - Exporting webdriver.chrome.driver as C:\Users\KAPIL\.m2\repository\webdriver\chromedriver\win32\85.0.4183.87\chromedriver.exe
2020-09-16 14:51:37 60585 INFO  [main] - ****** Launching chrome browser *****
2020-09-16 14:51:52 75425 INFO  [main] - ****** Open URL *****
2020-09-16 14:51:52 75779 INFO  [main] - *****Verify visibility of Sign Up button******
2020-09-16 14:51:59 82317 INFO  [main] - ****** Navigate to Sign Up Page *****
2020-09-16 14:59:21 4674 INFO  [main] - ****** Launching chrome browser *****
2020-09-16 14:59:39 22299 INFO  [main] - ****** Open URL *****
2020-09-16 14:59:39 22716 INFO  [main] - *****Verify visibility of Sign Up button******
2020-09-16 14:59:46 29075 INFO  [main] - ****** Navigate to Sign Up Page *****
2020-09-16 14:59:46 29518 INFO  [main] - ****** User Enters Full Name *****
2020-09-16 14:59:46 29697 INFO  [main] - ****** User Enters Company Name *****
2020-09-16 14:59:47 29950 INFO  [main] - ****** User Enters Email id *****
2020-09-16 14:59:47 30169 INFO  [main] - ****** User Enters Mobile Number *****
2020-09-16 14:59:47 30351 INFO  [main] - ****** User Enters Password *****
2020-09-16 14:59:50 33675 INFO  [main] - Using chromedriver 85.0.4183.87 (since Google Chrome 85 is installed in your machine)
2020-09-16 14:59:50 33689 INFO  [main] - Exporting webdriver.chrome.driver as C:\Users\KAPIL\.m2\repository\webdriver\chromedriver\win32\85.0.4183.87\chromedriver.exe
2020-09-16 14:59:55 37767 INFO  [main] - ****** Launching chrome browser *****
2020-09-16 15:00:12 55359 INFO  [main] - ****** Open URL *****
2020-09-16 15:00:12 55681 INFO  [main] - *****Verify visibility of Sign Up button******
2020-09-16 15:00:17 60665 INFO  [main] - ****** Navigate to Sign Up Page *****
2020-09-16 15:00:20 63044 INFO  [main] - Using chromedriver 85.0.4183.87 (since Google Chrome 85 is installed in your machine)
2020-09-16 15:00:20 63058 INFO  [main] - Exporting webdriver.chrome.driver as C:\Users\KAPIL\.m2\repository\webdriver\chromedriver\win32\85.0.4183.87\chromedriver.exe
2020-09-16 15:00:29 71825 INFO  [main] - ****** Launching chrome browser *****
2020-09-16 15:10:38 5474 INFO  [main] - ****** Launching chrome browser *****
2020-09-16 15:10:52 19210 INFO  [main] - ****** Open URL *****
2020-09-16 15:10:53 19573 INFO  [main] - *****Verify visibility of Sign Up button******
2020-09-16 15:10:57 23589 INFO  [main] - ****** Navigate to Sign Up Page *****
2020-09-16 15:10:57 23940 INFO  [main] - ****** User Enters Full Name *****
2020-09-16 15:10:57 24290 INFO  [main] - ****** User Enters Company Name *****
2020-09-16 15:10:58 24663 INFO  [main] - ****** User Enters Email id *****
2020-09-16 15:10:58 24989 INFO  [main] - ****** User Enters Mobile Number *****
2020-09-16 15:10:58 25246 INFO  [main] - ****** User Enters Password *****
2020-09-16 15:11:03 29576 INFO  [main] - ****** User clicks on Sign Up button *****
2020-09-16 15:11:03 29680 INFO  [main] - Using chromedriver 85.0.4183.87 (since Google Chrome 85 is installed in your machine)
2020-09-16 15:11:03 29687 INFO  [main] - Exporting webdriver.chrome.driver as C:\Users\KAPIL\.m2\repository\webdriver\chromedriver\win32\85.0.4183.87\chromedriver.exe
2020-09-16 15:11:07 33852 INFO  [main] - ****** Launching chrome browser *****
2020-09-16 15:11:24 51381 INFO  [main] - ****** Open URL *****
2020-09-16 15:11:25 51582 INFO  [main] - *****Verify visibility of Sign Up button******
2020-09-16 15:11:30 56846 INFO  [main] - ****** Navigate to Sign Up Page *****
2020-09-16 15:11:32 59187 INFO  [main] - ****** User clicks on Log in link *****
2020-09-16 15:11:32 59205 INFO  [main] - Using chromedriver 85.0.4183.87 (since Google Chrome 85 is installed in your machine)
2020-09-16 15:11:32 59216 INFO  [main] - Exporting webdriver.chrome.driver as C:\Users\KAPIL\.m2\repository\webdriver\chromedriver\win32\85.0.4183.87\chromedriver.exe
2020-09-16 15:11:36 63450 INFO  [main] - ****** Launching chrome browser *****
2020-09-16 15:11:55 81664 INFO  [main] - ****** Open URL *****
2020-09-16 15:11:55 82000 INFO  [main] - *****Verify visibility of Sign Up button******
2020-09-16 15:12:00 87238 INFO  [main] - ****** Navigate to Sign Up Page *****
2020-09-16 15:12:08 95131 INFO  [main] - ****** Clicks on Sign in with Google+ *****
2020-09-16 15:15:27 4883 INFO  [main] - ****** Launching chrome browser *****
2020-09-16 15:15:46 23883 INFO  [main] - ****** Open URL *****
2020-09-16 15:15:47 24416 INFO  [main] - *****Verify visibility of Sign Up button******
2020-09-16 15:15:51 28437 INFO  [main] - ****** Navigate to Sign Up Page *****
2020-09-16 15:15:51 28984 INFO  [main] - ****** User Enters Full Name *****
2020-09-16 15:15:52 29247 INFO  [main] - ****** User Enters Company Name *****
2020-09-16 15:15:52 29507 INFO  [main] - ****** User Enters Email id *****
2020-09-16 15:15:52 29730 INFO  [main] - ****** User Enters Mobile Number *****
2020-09-16 15:15:52 29902 INFO  [main] - ****** User Enters Password *****
2020-09-16 15:15:55 32616 INFO  [main] - ****** User clicks on Sign Up button *****
2020-09-16 15:15:55 32648 INFO  [main] - Using chromedriver 85.0.4183.87 (since Google Chrome 85 is installed in your machine)
2020-09-16 15:15:55 32660 INFO  [main] - Exporting webdriver.chrome.driver as C:\Users\KAPIL\.m2\repository\webdriver\chromedriver\win32\85.0.4183.87\chromedriver.exe
2020-09-16 15:15:59 36599 INFO  [main] - ****** Launching chrome browser *****
2020-09-16 15:16:14 51932 INFO  [main] - ****** Open URL *****
2020-09-16 15:16:15 52137 INFO  [main] - *****Verify visibility of Sign Up button******
2020-09-16 15:16:19 56520 INFO  [main] - ****** Navigate to Sign Up Page *****
2020-09-16 15:16:23 60165 INFO  [main] - ****** User clicks on Log in link *****
2020-09-16 15:16:23 60186 INFO  [main] - Using chromedriver 85.0.4183.87 (since Google Chrome 85 is installed in your machine)
2020-09-16 15:16:23 60196 INFO  [main] - Exporting webdriver.chrome.driver as C:\Users\KAPIL\.m2\repository\webdriver\chromedriver\win32\85.0.4183.87\chromedriver.exe
2020-09-16 15:16:27 64054 INFO  [main] - ****** Launching chrome browser *****
2020-09-16 15:16:43 80406 INFO  [main] - ****** Open URL *****
2020-09-16 15:16:43 80840 INFO  [main] - *****Verify visibility of Sign Up button******
2020-09-16 15:16:51 88546 INFO  [main] - ****** Navigate to Sign Up Page *****
2020-09-16 15:17:00 97782 INFO  [main] - ****** Clicks on Sign in with Google+ *****
2020-09-16 15:18:18 4555 INFO  [main] - ****** Launching chrome browser *****
2020-09-16 15:18:35 21232 INFO  [main] - ****** Open URL *****
2020-09-16 15:18:35 21555 INFO  [main] - *****Verify visibility of Sign Up button******
2020-09-16 15:18:39 25362 INFO  [main] - ****** Navigate to Sign Up Page *****
2020-09-16 15:18:40 25798 INFO  [main] - ****** User Enters Full Name *****
2020-09-16 15:18:40 25979 INFO  [main] - ****** User Enters Company Name *****
2020-09-16 15:18:40 26234 INFO  [main] - ****** User Enters Email id *****
2020-09-16 15:18:40 26431 INFO  [main] - ****** User Enters Mobile Number *****
2020-09-16 15:18:40 26606 INFO  [main] - ****** User Enters Password *****
2020-09-16 15:18:44 29943 INFO  [main] - ****** User clicks on Sign Up button *****
2020-09-16 15:18:44 29978 INFO  [main] - Using chromedriver 85.0.4183.87 (since Google Chrome 85 is installed in your machine)
2020-09-16 15:18:44 29987 INFO  [main] - Exporting webdriver.chrome.driver as C:\Users\KAPIL\.m2\repository\webdriver\chromedriver\win32\85.0.4183.87\chromedriver.exe
2020-09-16 15:18:48 34208 INFO  [main] - ****** Launching chrome browser *****
2020-09-16 15:19:04 50348 INFO  [main] - ****** Open URL *****
2020-09-16 15:19:04 50594 INFO  [main] - *****Verify visibility of Sign Up button******
2020-09-16 15:19:10 56046 INFO  [main] - ****** Navigate to Sign Up Page *****
2020-09-16 15:19:12 58325 INFO  [main] - ****** User clicks on Log in link *****
2020-09-16 15:19:12 58348 INFO  [main] - Using chromedriver 85.0.4183.87 (since Google Chrome 85 is installed in your machine)
2020-09-16 15:19:12 58364 INFO  [main] - Exporting webdriver.chrome.driver as C:\Users\KAPIL\.m2\repository\webdriver\chromedriver\win32\85.0.4183.87\chromedriver.exe
2020-09-16 15:19:16 62385 INFO  [main] - ****** Launching chrome browser *****
2020-09-16 15:19:38 83802 INFO  [main] - ****** Open URL *****
2020-09-16 15:19:38 84239 INFO  [main] - *****Verify visibility of Sign Up button******
2020-09-16 15:19:42 87662 INFO  [main] - ****** Navigate to Sign Up Page *****
2020-09-16 15:19:46 92655 INFO  [main] - ****** Clicks on Sign in with Google+ *****
2020-09-16 15:21:39 4843 INFO  [main] - ****** Launching chrome browser *****
2020-09-16 15:21:52 18417 INFO  [main] - ****** Open URL *****
2020-09-16 15:21:53 18812 INFO  [main] - *****Verify visibility of Sign Up button******
2020-09-16 15:21:56 22644 INFO  [main] - ****** Navigate to Sign Up Page *****
2020-09-16 15:21:57 23317 INFO  [main] - ****** User Enters Full Name *****
2020-09-16 15:21:57 23539 INFO  [main] - ****** User Enters Company Name *****
2020-09-16 15:21:58 23854 INFO  [main] - ****** User Enters Email id *****
2020-09-16 15:21:58 24103 INFO  [main] - ****** User Enters Mobile Number *****
2020-09-16 15:21:58 24325 INFO  [main] - ****** User Enters Password *****
2020-09-16 15:22:00 26708 INFO  [main] - ****** User clicks on Sign Up button *****
2020-09-16 15:22:00 26743 INFO  [main] - Using chromedriver 85.0.4183.87 (since Google Chrome 85 is installed in your machine)
2020-09-16 15:22:00 26752 INFO  [main] - Exporting webdriver.chrome.driver as C:\Users\KAPIL\.m2\repository\webdriver\chromedriver\win32\85.0.4183.87\chromedriver.exe
2020-09-16 15:22:05 31104 INFO  [main] - ****** Launching chrome browser *****
2020-09-16 15:22:19 45568 INFO  [main] - ****** Open URL *****
2020-09-16 15:22:20 45871 INFO  [main] - *****Verify visibility of Sign Up button******
2020-09-16 15:22:28 54019 INFO  [main] - ****** Navigate to Sign Up Page *****
2020-09-16 15:22:29 55430 INFO  [main] - ****** User clicks on Log in link *****
2020-09-16 15:22:29 55456 INFO  [main] - Using chromedriver 85.0.4183.87 (since Google Chrome 85 is installed in your machine)
2020-09-16 15:22:29 55466 INFO  [main] - Exporting webdriver.chrome.driver as C:\Users\KAPIL\.m2\repository\webdriver\chromedriver\win32\85.0.4183.87\chromedriver.exe
2020-09-16 15:22:33 59288 INFO  [main] - ****** Launching chrome browser *****
2020-09-16 15:22:48 74625 INFO  [main] - ****** Open URL *****
2020-09-16 15:22:51 77118 INFO  [main] - *****Verify visibility of Sign Up button******
2020-09-16 15:22:55 81722 INFO  [main] - ****** Navigate to Sign Up Page *****
2020-09-16 15:23:00 86711 INFO  [main] - ****** Clicks on Sign in with Google+ *****
2020-09-16 15:24:37 4602 INFO  [main] - ****** Launching chrome browser *****
2020-09-16 15:24:52 19520 INFO  [main] - ****** Open URL *****
2020-09-16 15:24:53 20340 INFO  [main] - *****Verify visibility of Sign Up button******
2020-09-16 15:24:58 25830 INFO  [main] - ****** Navigate to Sign Up Page *****
2020-09-16 15:24:59 26300 INFO  [main] - ****** User Enters Full Name *****
2020-09-16 15:24:59 26493 INFO  [main] - ****** User Enters Company Name *****
2020-09-16 15:24:59 26699 INFO  [main] - ****** User Enters Email id *****
2020-09-16 15:24:59 26897 INFO  [main] - ****** User Enters Mobile Number *****
2020-09-16 15:24:59 27076 INFO  [main] - ****** User Enters Password *****
2020-09-16 15:25:03 30324 INFO  [main] - ****** User clicks on Sign Up button *****
2020-09-16 15:25:03 30358 INFO  [main] - Using chromedriver 85.0.4183.87 (since Google Chrome 85 is installed in your machine)
2020-09-16 15:25:03 30366 INFO  [main] - Exporting webdriver.chrome.driver as C:\Users\KAPIL\.m2\repository\webdriver\chromedriver\win32\85.0.4183.87\chromedriver.exe
2020-09-16 15:25:07 34416 INFO  [main] - ****** Launching chrome browser *****
2020-09-16 15:25:21 48366 INFO  [main] - ****** Open URL *****
2020-09-16 15:25:21 49063 INFO  [main] - *****Verify visibility of Sign Up button******
2020-09-16 15:25:27 54766 INFO  [main] - ****** Navigate to Sign Up Page *****
2020-09-16 15:25:29 56339 INFO  [main] - ****** User clicks on Log in link *****
2020-09-16 15:25:29 56401 INFO  [main] - ****** User navigates to ijmeet login page *****
2020-09-16 15:25:29 56424 INFO  [main] - Using chromedriver 85.0.4183.87 (since Google Chrome 85 is installed in your machine)
2020-09-16 15:25:29 56460 INFO  [main] - Exporting webdriver.chrome.driver as C:\Users\KAPIL\.m2\repository\webdriver\chromedriver\win32\85.0.4183.87\chromedriver.exe
2020-09-16 15:25:36 64055 INFO  [main] - ****** Launching chrome browser *****
2020-09-16 15:25:53 81020 INFO  [main] - ****** Open URL *****
2020-09-16 15:25:54 81613 INFO  [main] - *****Verify visibility of Sign Up button******
2020-09-16 15:26:00 87588 INFO  [main] - ****** Navigate to Sign Up Page *****
2020-09-16 15:26:06 93501 INFO  [main] - ****** Clicks on Sign in with Google+ *****
2020-09-16 15:27:35 4687 INFO  [main] - ****** Launching chrome browser *****
2020-09-16 15:27:48 17796 INFO  [main] - ****** Open URL *****
2020-09-16 15:27:48 18560 INFO  [main] - *****Verify visibility of Sign Up button******
2020-09-16 15:27:53 23244 INFO  [main] - ****** Navigate to Sign Up Page *****
2020-09-16 15:27:53 23483 INFO  [main] - ****** User Enters Full Name *****
2020-09-16 15:27:54 23795 INFO  [main] - ****** User Enters Company Name *****
2020-09-16 15:27:54 24208 INFO  [main] - ****** User Enters Email id *****
2020-09-16 15:27:54 24514 INFO  [main] - ****** User Enters Mobile Number *****
2020-09-16 15:27:55 24768 INFO  [main] - ****** User Enters Password *****
2020-09-16 15:27:57 27403 INFO  [main] - ****** User clicks on Sign Up button *****
2020-09-16 15:27:57 27437 INFO  [main] - Using chromedriver 85.0.4183.87 (since Google Chrome 85 is installed in your machine)
2020-09-16 15:27:57 27448 INFO  [main] - Exporting webdriver.chrome.driver as C:\Users\KAPIL\.m2\repository\webdriver\chromedriver\win32\85.0.4183.87\chromedriver.exe
2020-09-16 15:28:02 31716 INFO  [main] - ****** Launching chrome browser *****
2020-09-16 15:28:16 46344 INFO  [main] - ****** Open URL *****
2020-09-16 15:28:17 47277 INFO  [main] - *****Verify visibility of Sign Up button******
2020-09-16 15:28:22 51618 INFO  [main] - ****** Navigate to Sign Up Page *****
2020-09-16 15:28:22 52307 INFO  [main] - ****** User clicks on Log in link *****
2020-09-16 15:28:22 52312 INFO  [main] - ****** User navigates to ijmeet login page *****
2020-09-16 15:28:22 52355 INFO  [main] - Using chromedriver 85.0.4183.87 (since Google Chrome 85 is installed in your machine)
2020-09-16 15:28:22 52399 INFO  [main] - Exporting webdriver.chrome.driver as C:\Users\KAPIL\.m2\repository\webdriver\chromedriver\win32\85.0.4183.87\chromedriver.exe
2020-09-16 15:28:27 56682 INFO  [main] - ****** Launching chrome browser *****
2020-09-16 15:28:40 70273 INFO  [main] - ****** Open URL *****
2020-09-16 15:28:41 70597 INFO  [main] - *****Verify visibility of Sign Up button******
2020-09-16 15:28:48 78149 INFO  [main] - ****** Navigate to Sign Up Page *****
2020-09-16 15:28:55 85296 INFO  [main] - ****** Clicks on Sign in with Google+ *****
2020-09-16 15:28:55 85298 INFO  [main] - ****** navigates to google account *****
2020-09-16 23:20:57 28192 INFO  [main] - ****** Launching chrome browser *****
2020-09-16 23:21:13 43885 INFO  [main] - ****** Open URL *****
2020-09-16 23:21:13 44748 INFO  [main] - *****Verify visibility of Sign Up button******
2020-09-16 23:21:17 48634 INFO  [main] - ****** Navigate to Sign Up Page *****
2020-09-16 23:21:18 49750 INFO  [main] - ****** User Enters Full Name *****
2020-09-16 23:21:19 50069 INFO  [main] - ****** User Enters Company Name *****
2020-09-16 23:21:19 50338 INFO  [main] - ****** User Enters Email id *****
2020-09-16 23:21:19 50525 INFO  [main] - ****** User Enters Mobile Number *****
2020-09-16 23:21:19 50551 INFO  [main] - Using chromedriver 85.0.4183.87 (since Google Chrome 85 is installed in your machine)
2020-09-16 23:21:19 50560 INFO  [main] - Exporting webdriver.chrome.driver as C:\Users\KAPIL\.m2\repository\webdriver\chromedriver\win32\85.0.4183.87\chromedriver.exe
2020-09-16 23:21:31 62289 INFO  [main] - ****** Launching chrome browser *****
2020-09-16 23:21:42 73774 INFO  [main] - ****** Open URL *****
2020-09-16 23:21:43 73977 INFO  [main] - *****Verify visibility of Sign Up button******
2020-09-16 23:21:48 79763 INFO  [main] - ****** Navigate to Sign Up Page *****
2020-09-16 23:21:50 80810 INFO  [main] - ****** User clicks on Log in link *****
2020-09-16 23:21:50 80813 INFO  [main] - ****** User navigates to ijmeet login page *****
2020-09-16 23:21:50 80839 INFO  [main] - Using chromedriver 85.0.4183.87 (since Google Chrome 85 is installed in your machine)
2020-09-16 23:21:50 80849 INFO  [main] - Exporting webdriver.chrome.driver as C:\Users\KAPIL\.m2\repository\webdriver\chromedriver\win32\85.0.4183.87\chromedriver.exe
2020-09-16 23:22:03 94517 INFO  [main] - ****** Launching chrome browser *****
2020-09-16 23:22:16 106978 INFO  [main] - ****** Open URL *****
2020-09-16 23:22:16 107534 INFO  [main] - *****Verify visibility of Sign Up button******
2020-09-16 23:22:21 112695 INFO  [main] - ****** Navigate to Sign Up Page *****
2020-09-16 23:22:31 121876 INFO  [main] - ****** Clicks on Sign in with Google+ *****
2020-09-16 23:22:31 121878 INFO  [main] - ****** navigates to google account *****
2020-09-16 23:22:31 121902 INFO  [main] - Using chromedriver 85.0.4183.87 (since Google Chrome 85 is installed in your machine)
2020-09-16 23:22:31 121912 INFO  [main] - Exporting webdriver.chrome.driver as C:\Users\KAPIL\.m2\repository\webdriver\chromedriver\win32\85.0.4183.87\chromedriver.exe
2020-09-16 23:22:42 133579 INFO  [main] - ****** Launching chrome browser *****
2020-09-16 23:22:57 148091 INFO  [main] - ****** Open URL *****
2020-09-16 23:22:58 148830 INFO  [main] - *****Verify visibility of Sign Up button******
2020-09-16 23:23:01 152318 INFO  [main] - ****** Navigate to Sign Up Page *****
2020-09-17 20:06:41 17459 INFO  [main] - ****** Launching chrome browser *****
2020-09-17 20:06:54 31033 INFO  [main] - ****** Open URL *****
2020-09-17 20:06:55 31940 INFO  [main] - *****Verify visibility of Sign Up button******
2020-09-17 20:07:02 38706 INFO  [main] - ****** Navigate to Sign Up Page *****
2020-09-17 20:07:02 38944 INFO  [main] - ****** User Enters Full Name *****
2020-09-17 20:07:03 39294 INFO  [main] - ****** User Enters Company Name *****
2020-09-17 20:07:03 39658 INFO  [main] - ****** User Enters Email id *****
2020-09-17 20:07:03 39858 INFO  [main] - ****** User Enters Mobile Number *****
2020-09-17 20:07:04 40900 INFO  [main] - Using chromedriver 85.0.4183.87 (since Google Chrome 85 is installed in your machine)
2020-09-17 20:07:04 40908 INFO  [main] - Exporting webdriver.chrome.driver as C:\Users\KAPIL\.m2\repository\webdriver\chromedriver\win32\85.0.4183.87\chromedriver.exe
2020-09-17 20:07:09 45960 INFO  [main] - ****** Launching chrome browser *****
2020-09-17 20:07:23 59095 INFO  [main] - ****** Open URL *****
2020-09-17 20:07:27 63581 INFO  [main] - Using chromedriver 85.0.4183.87 (since Google Chrome 85 is installed in your machine)
2020-09-17 20:07:27 63605 INFO  [main] - Exporting webdriver.chrome.driver as C:\Users\KAPIL\.m2\repository\webdriver\chromedriver\win32\85.0.4183.87\chromedriver.exe
2020-09-17 20:07:31 67926 INFO  [main] - ****** Launching chrome browser *****
2020-09-17 20:07:46 82884 INFO  [main] - ****** Open URL *****
2020-09-17 20:07:51 87216 INFO  [main] - Using chromedriver 85.0.4183.87 (since Google Chrome 85 is installed in your machine)
2020-09-17 20:07:51 87229 INFO  [main] - Exporting webdriver.chrome.driver as C:\Users\KAPIL\.m2\repository\webdriver\chromedriver\win32\85.0.4183.87\chromedriver.exe
2020-09-17 20:07:56 92338 INFO  [main] - ****** Launching chrome browser *****
2020-09-17 20:08:09 106002 INFO  [main] - ****** Open URL *****
2020-09-18 11:58:09 29069 INFO  [main] - ****** Launching chrome browser *****
2020-09-18 11:58:25 45818 INFO  [main] - ****** Open URL *****
2020-09-18 11:58:28 48732 INFO  [main] - *****Verify visibility of Sign Up button******
2020-09-18 11:58:37 57672 INFO  [main] - ****** Navigate to Sign Up Page *****
2020-09-18 11:58:38 58064 INFO  [main] - ****** User Enters Full Name *****
2020-09-18 11:58:38 58408 INFO  [main] - ****** User Enters Company Name *****
2020-09-18 11:58:38 58846 INFO  [main] - ****** User Enters Email id *****
2020-09-18 11:58:39 59094 INFO  [main] - ****** User Enters Mobile Number *****
2020-09-18 11:58:39 59360 INFO  [main] - ****** User Enters Password *****
2020-09-18 11:58:46 66214 INFO  [main] - ****** User clicks on Sign Up button *****
